2017-01-03 10:12:37 -- Script Portlet command line version: 1.3

2017-01-03 10:12:37 -- Home folder: C:\IBM_WPS_BATCH\sp_cmdln

2017-01-03 10:12:37 -- Java environment:

	java.home = C:\Program Files\Java\jdk1.7.0_80\jre
	java.vendor = Oracle Corporation
	java.version = 1.7.0_80

2017-01-03 10:12:37 -- Effective configuration properties:

	contentRoot = MiClaroCorporativoSolicitudesPaquetesPremiun
	excludes = [^bin$, ^lib$, ^src$, ^\.classpath$, ^\.project$, ^sp-config.json$, ^sp-cmdln.log$, ^sp.bat$, ^sp.sh$]
	portalPassword = ********
	portalUser = wpsadmin
	scriptPortletServer = http://9.6.109.196:10039
	wcmContentName = MiClaroCorporativoSolicitudesPaquetesPremiun
	wcmSiteArea = Script Portlet Library/Script Portlet Applications/

2017-01-03 10:12:37 -- Begin content push to Portal.

2017-01-03 10:12:37 -- Push URL: POST http://9.6.109.196:10039/import_export/webengine/script_editing/ScriptPortletContentAPI/Action!doPushApp HTTP/1.1

2017-01-03 10:12:37 -- Virtual Portal ID: null

2017-01-03 10:12:37 -- Project ID: null

2017-01-03 10:12:37 -- WCM content ID: null

2017-01-03 10:12:37 -- WCM Content Path: Script Portlet Library/Script Portlet Applications/MiClaroCorporativoSolicitudesPaquetesPremiun

2017-01-03 10:12:37 -- WCM Content Title: null

2017-01-03 10:12:37 -- Main HTML file: index.html

2017-01-03 10:12:37 -- Archive file:

	C:\Users\IBM_ADMIN\AppData\Local\Temp\sp-content-5472027703924184540.zip
	(11554 bytes in 8 files)

	angular/app.js
	angular/controller/appController.js
	angular/service/appService.js
	angular/view/appView.html
	assets/angular-scroll.min.js
	assets/style.css
	assets/util.js
	index.html

2017-01-03 10:12:47 -- Response status: HTTP/1.1 200 OK

2017-01-03 10:12:47 -- Content-Type: application/json

2017-01-03 10:12:47 -- Effective charset of body: UTF-8

2017-01-03 10:12:47 -- Body content:

{

   "results" : {

      "status" : "success",
      "importedFiles" : {

         "file" : [
            {

               "filename" : "HTML\/index.html"
            }
            ,
            {

               "filename" : "HTML\/angular\/view\/appView.html"
            }
            ,
            {

               "filename" : "JavaScript\/assets\/util.js"
            }
            ,
            {

               "filename" : "JavaScript\/assets\/angular-scroll.min.js"
            }
            ,
            {

               "filename" : "JavaScript\/angular\/service\/appService.js"
            }
            ,
            {

               "filename" : "JavaScript\/angular\/controller\/appController.js"
            }
            ,
            {

               "filename" : "JavaScript\/angular\/app.js"
            }
            ,
            {

               "filename" : "CSS\/assets\/style.css"
            }

         ]
      }
      ,
      "skippedFiles" : "",
      "message" : "The file that you selected was imported successfully."
   }
}


2017-01-03 10:12:47 -- Target authentication state: SUCCESS

2017-01-03 10:12:47 -- Target authentication scheme: BASIC

2017-01-03 10:12:47 -- Target authentication credentials: [principal: wpsadmin]

2017-01-03 10:12:47 -- Content push was successful.

2017-01-03 10:12:47 -- End content push to Portal.

