2016-12-28 09:49:16 -- Script Portlet command line version: 1.3

2016-12-28 09:49:16 -- Home folder: C:\IBM_WPS_BATCH\sp_cmdln

2016-12-28 09:49:16 -- Java environment:

	java.home = C:\Program Files\Java\jdk1.7.0_79\jre
	java.vendor = Oracle Corporation
	java.version = 1.7.0_79

2016-12-28 09:49:16 -- Effective configuration properties:

	contentRoot = MiClaroConsumerConsultasSaldosyConsumosTV
	excludes = [^bin$, ^lib$, ^src$, ^\.classpath$, ^\.project$, ^sp-config.json$, ^sp-cmdln.log$, ^sp.bat$, ^sp.sh$]
	portalPassword = ********
	portalUser = wpsadmin
	scriptPortletServer = http://9.6.109.196:10039
	wcmContentName = MiClaroConsumerConsultasSaldosyConsumosTV
	wcmSiteArea = Script Portlet Library/Script Portlet Applications/

2016-12-28 09:49:16 -- Begin content push to Portal.

2016-12-28 09:49:17 -- Push URL: POST http://9.6.109.196:10039/import_export/webengine/script_editing/ScriptPortletContentAPI/Action!doPushApp HTTP/1.1

2016-12-28 09:49:17 -- Virtual Portal ID: null

2016-12-28 09:49:17 -- Project ID: null

2016-12-28 09:49:17 -- WCM content ID: null

2016-12-28 09:49:17 -- WCM Content Path: Script Portlet Library/Script Portlet Applications/MiClaroConsumerConsultasSaldosyConsumosTV

2016-12-28 09:49:17 -- WCM Content Title: null

2016-12-28 09:49:17 -- Main HTML file: index.html

2016-12-28 09:49:17 -- Archive file:

	C:\Users\IBM_ADMIN\AppData\Local\Temp\sp-content-59807742429433100.zip
	(1888 bytes in 4 files)

	angular/app.js
	angular/controller/appController.js
	angular/view/miclaroConsumerSaldosConsumosTV.html
	index.html

2016-12-28 09:49:22 -- Response status: HTTP/1.1 200 OK

2016-12-28 09:49:22 -- Content-Type: application/json

2016-12-28 09:49:22 -- Effective charset of body: UTF-8

2016-12-28 09:49:22 -- Body content:

{

   "results" : {

      "status" : "success",
      "importedFiles" : {

         "file" : [
            {

               "filename" : "HTML\/index.html"
            }
            ,
            {

               "filename" : "HTML\/angular\/view\/miclaroConsumerSaldosConsumosTV.html"
            }
            ,
            {

               "filename" : "JavaScript\/angular\/controller\/appController.js"
            }
            ,
            {

               "filename" : "JavaScript\/angular\/app.js"
            }

         ]
      }
      ,
      "skippedFiles" : "",
      "message" : "The file that you selected was imported successfully."
   }
}


2016-12-28 09:49:22 -- Target authentication state: SUCCESS

2016-12-28 09:49:22 -- Target authentication scheme: BASIC

2016-12-28 09:49:22 -- Target authentication credentials: [principal: wpsadmin]

2016-12-28 09:49:22 -- Content push was successful.

2016-12-28 09:49:22 -- End content push to Portal.

