2017-02-27 13:56:34 -- Script Portlet command line version: 1.3

2017-02-27 13:56:34 -- Home folder: C:\jorge\IBM\Portal\sp_cmdln

2017-02-27 13:56:34 -- Java environment:

	java.home = C:\Program Files\Java\jdk1.7.0_40\jre
	java.vendor = Oracle Corporation
	java.version = 1.7.0_40

2017-02-27 13:56:34 -- Effective configuration properties:

	contentRoot = MiClaroOtrosEnvioSMSGratis
	excludes = [^bin$, ^lib$, ^src$, ^\.classpath$, ^\.project$, ^sp-config.json$, ^sp-cmdln.log$, ^sp.bat$, ^sp.sh$]
	portalPassword = ********
	portalUser = wpsadmin
	scriptPortletServer = http://9.6.109.196:10039
	wcmContentName = MiClaroOtrosEnvioSMSGratis
	wcmSiteArea = Script Portlet Library/Script Portlet Applications/

2017-02-27 13:56:34 -- Begin content push to Portal.

2017-02-27 13:56:34 -- Push URL: POST http://9.6.109.196:10039/import_export/webengine/script_editing/ScriptPortletContentAPI/Action!doPushApp HTTP/1.1

2017-02-27 13:56:34 -- Virtual Portal ID: null

2017-02-27 13:56:34 -- Project ID: null

2017-02-27 13:56:34 -- WCM content ID: null

2017-02-27 13:56:34 -- WCM Content Path: Script Portlet Library/Script Portlet Applications/MiClaroOtrosEnvioSMSGratis

2017-02-27 13:56:34 -- WCM Content Title: null

2017-02-27 13:56:34 -- Main HTML file: index.html

2017-02-27 13:56:35 -- Archive file:

	C:\Users\IBM_ADMIN\AppData\Local\Temp\sp-content-599771655253875577.zip
	(9165 bytes in 7 files)

	angular/app.js
	angular/controller/envioSMSController.js
	angular/service/ComunUsuarioSesionService.js
	angular/service/EnvioSMSService.js
	angular/view/envio-sms.html
	assets/js/utilitarios.js
	index.html

2017-02-27 13:56:47 -- Response status: HTTP/1.1 200 OK

2017-02-27 13:56:47 -- Content-Type: application/json

2017-02-27 13:56:47 -- Effective charset of body: UTF-8

2017-02-27 13:56:47 -- Body content:

{

   "results" : {

      "status" : "success",
      "importedFiles" : {

         "file" : [
            {

               "filename" : "HTML\/index.html"
            }
            ,
            {

               "filename" : "HTML\/angular\/view\/envio-sms.html"
            }
            ,
            {

               "filename" : "JavaScript\/assets\/js\/utilitarios.js"
            }
            ,
            {

               "filename" : "JavaScript\/angular\/service\/ComunUsuarioSesionService.js"
            }
            ,
            {

               "filename" : "JavaScript\/angular\/service\/EnvioSMSService.js"
            }
            ,
            {

               "filename" : "JavaScript\/angular\/controller\/envioSMSController.js"
            }
            ,
            {

               "filename" : "JavaScript\/angular\/app.js"
            }

         ]
      }
      ,
      "skippedFiles" : "",
      "message" : "The file that you selected was imported successfully."
   }
}


2017-02-27 13:56:47 -- Target authentication state: SUCCESS

2017-02-27 13:56:47 -- Target authentication scheme: BASIC

2017-02-27 13:56:47 -- Target authentication credentials: [principal: wpsadmin]

2017-02-27 13:56:47 -- Content push was successful.

2017-02-27 13:56:47 -- End content push to Portal.

