2016-12-30 17:06:28 -- Script Portlet command line version: 1.3

2016-12-30 17:06:28 -- Home folder: C:\IBM_PUSH\sp_cmdln

2016-12-30 17:06:28 -- Java environment:

	java.home = C:\Program Files\Java\jdk1.7.0_40\jre
	java.vendor = Oracle Corporation
	java.version = 1.7.0_40

2016-12-30 17:06:28 -- Effective configuration properties:

	contentRoot = MiClaroCorporativoSolicitudesCambioDePlanMovil
	excludes = [^bin$, ^lib$, ^src$, ^\.classpath$, ^\.project$, ^sp-config.json$, ^sp-cmdln.log$, ^sp.bat$, ^sp.sh$]
	portalPassword = ********
	portalUser = wpsadmin
	scriptPortletServer = http://9.6.109.196:10039
	wcmContentName = MiClaroCorporativoSolicitudesCambioDePlanMovil
	wcmSiteArea = Script Portlet Library/Script Portlet Applications/

2016-12-30 17:06:28 -- Begin content push to Portal.

2016-12-30 17:06:28 -- Push URL: POST http://9.6.109.196:10039/import_export/webengine/script_editing/ScriptPortletContentAPI/Action!doPushApp HTTP/1.1

2016-12-30 17:06:28 -- Virtual Portal ID: null

2016-12-30 17:06:28 -- Project ID: null

2016-12-30 17:06:28 -- WCM content ID: null

2016-12-30 17:06:28 -- WCM Content Path: Script Portlet Library/Script Portlet Applications/MiClaroCorporativoSolicitudesCambioDePlanMovil

2016-12-30 17:06:28 -- WCM Content Title: null

2016-12-30 17:06:28 -- Main HTML file: index.html

2016-12-30 17:06:28 -- Archive file:

	C:\Users\IBM_ADMIN\AppData\Local\Temp\sp-content-7202679271634638216.zip
	(4470 bytes in 6 files)

	angular/appcambioplan.js
	angular/controller/controllercambioplan.js
	angular/service/servicescambioplan.js
	angular/view/corporativo-corporativo-cambiar-plan-movil.html
	assets/js/util.js
	index.html

2016-12-30 17:06:29 -- Response status: HTTP/1.1 200 OK

2016-12-30 17:06:29 -- Content-Type: application/json

2016-12-30 17:06:29 -- Effective charset of body: UTF-8

2016-12-30 17:06:29 -- Body content:

{

   "results" : {

      "status" : "success",
      "importedFiles" : {

         "file" : [
            {

               "filename" : "HTML\/index.html"
            }
            ,
            {

               "filename" : "HTML\/angular\/view\/corporativo-corporativo-cambiar-plan-movil.html"
            }
            ,
            {

               "filename" : "JavaScript\/assets\/js\/util.js"
            }
            ,
            {

               "filename" : "JavaScript\/angular\/service\/servicescambioplan.js"
            }
            ,
            {

               "filename" : "JavaScript\/angular\/controller\/controllercambioplan.js"
            }
            ,
            {

               "filename" : "JavaScript\/angular\/appcambioplan.js"
            }

         ]
      }
      ,
      "skippedFiles" : "",
      "message" : "The file that you selected was imported successfully."
   }
}


2016-12-30 17:06:29 -- Target authentication state: SUCCESS

2016-12-30 17:06:29 -- Target authentication scheme: BASIC

2016-12-30 17:06:29 -- Target authentication credentials: [principal: wpsadmin]

2016-12-30 17:06:29 -- Content push was successful.

2016-12-30 17:06:29 -- End content push to Portal.

