2017-03-01 16:19:17 -- Script Portlet command line version: 1.3

2017-03-01 16:19:17 -- Home folder: C:\jorge\IBM\Portal\sp_cmdln

2017-03-01 16:19:17 -- Java environment:

	java.home = C:\Program Files\Java\jdk1.7.0_40\jre
	java.vendor = Oracle Corporation
	java.version = 1.7.0_40

2017-03-01 16:19:17 -- Effective configuration properties:

	contentRoot = CuentasClaroAfiliaLineaUsuario
	excludes = [^bin$, ^lib$, ^src$, ^\.classpath$, ^\.project$, ^sp-config.json$, ^sp-cmdln.log$, ^sp.bat$, ^sp.sh$]
	portalPassword = ********
	portalUser = wpsadmin
	scriptPortletServer = http://9.6.109.196:10039
	wcmContentName = CuentasClaroAfiliaLineaUsuaria
	wcmSiteArea = Script Portlet Library/Script Portlet Applications/

2017-03-01 16:19:17 -- Begin content push to Portal.

2017-03-01 16:19:18 -- Push URL: POST http://9.6.109.196:10039/import_export/webengine/script_editing/ScriptPortletContentAPI/Action!doPushApp HTTP/1.1

2017-03-01 16:19:18 -- Virtual Portal ID: null

2017-03-01 16:19:18 -- Project ID: null

2017-03-01 16:19:18 -- WCM content ID: null

2017-03-01 16:19:18 -- WCM Content Path: Script Portlet Library/Script Portlet Applications/CuentasClaroAfiliaLineaUsuaria

2017-03-01 16:19:18 -- WCM Content Title: null

2017-03-01 16:19:18 -- Main HTML file: index.html

2017-03-01 16:19:18 -- Archive file:

	C:\Users\IBM_ADMIN\AppData\Local\Temp\sp-content-8895040853503580684.zip
	(12784 bytes in 9 files)

	angular/app.js
	angular/controller/AfiliaUsuarioController.js
	angular/controller/AfiliaUsuarioOkController.js
	angular/service/AfiliaLineaUsuarioService.js
	angular/view/all-afilia-usuario-ok.html
	angular/view/all-afilia-usuario-term.html
	angular/view/all-afilia-usuario.html
	assets/css/css.css
	index.html

2017-03-01 16:19:33 -- Application push failed.

java.net.SocketTimeoutException: Read timed out
	at java.net.SocketInputStream.socketRead0(Native Method)
	at java.net.SocketInputStream.read(SocketInputStream.java:152)
	at java.net.SocketInputStream.read(SocketInputStream.java:122)
	at org.apache.http.impl.io.SessionInputBufferImpl.streamRead(SessionInputBufferImpl.java:136)
	at org.apache.http.impl.io.SessionInputBufferImpl.fillBuffer(SessionInputBufferImpl.java:152)
	at org.apache.http.impl.io.SessionInputBufferImpl.readLine(SessionInputBufferImpl.java:270)
	at org.apache.http.impl.conn.DefaultHttpResponseParser.parseHead(DefaultHttpResponseParser.java:140)
	at org.apache.http.impl.conn.DefaultHttpResponseParser.parseHead(DefaultHttpResponseParser.java:57)
	at org.apache.http.impl.io.AbstractMessageParser.parse(AbstractMessageParser.java:260)
	at org.apache.http.impl.DefaultBHttpClientConnection.receiveResponseHeader(DefaultBHttpClientConnection.java:161)
	at org.apache.http.impl.conn.CPoolProxy.receiveResponseHeader(CPoolProxy.java:153)
	at org.apache.http.protocol.HttpRequestExecutor.doReceiveResponse(HttpRequestExecutor.java:271)
	at org.apache.http.protocol.HttpRequestExecutor.execute(HttpRequestExecutor.java:123)
	at org.apache.http.impl.execchain.MainClientExec.execute(MainClientExec.java:254)
	at org.apache.http.impl.execchain.ProtocolExec.execute(ProtocolExec.java:195)
	at org.apache.http.impl.execchain.RetryExec.execute(RetryExec.java:86)
	at org.apache.http.impl.execchain.RedirectExec.execute(RedirectExec.java:108)
	at org.apache.http.impl.client.InternalHttpClient.doExecute(InternalHttpClient.java:184)
	at org.apache.http.impl.client.CloseableHttpClient.execute(CloseableHttpClient.java:72)
	at org.apache.http.impl.client.CloseableHttpClient.execute(CloseableHttpClient.java:214)
	at org.apache.http.impl.client.CloseableHttpClient.execute(CloseableHttpClient.java:160)
	at com.ibm.scriptportlet.PushCommand.invoke(PushCommand.java:234)
	at com.ibm.scriptportlet.CommandLine.main(CommandLine.java:125)


