2016-12-30 17:06:33 -- Script Portlet command line version: 1.3

2016-12-30 17:06:33 -- Home folder: C:\IBM_PUSH\sp_cmdln

2016-12-30 17:06:33 -- Java environment:

	java.home = C:\Program Files\Java\jdk1.7.0_40\jre
	java.vendor = Oracle Corporation
	java.version = 1.7.0_40

2016-12-30 17:06:33 -- Effective configuration properties:

	contentRoot = MiClaroCorporativoSolicitudesNuevoServicioFijo
	excludes = [^bin$, ^lib$, ^src$, ^\.classpath$, ^\.project$, ^sp-config.json$, ^sp-cmdln.log$, ^sp.bat$, ^sp.sh$]
	portalPassword = ********
	portalUser = wpsadmin
	scriptPortletServer = http://9.6.109.196:10039
	wcmContentName = MiClaroCorporativoSolicitudesNuevoServicioFijo
	wcmSiteArea = Script Portlet Library/Script Portlet Applications/

2016-12-30 17:06:33 -- Begin content push to Portal.

2016-12-30 17:06:33 -- Push URL: POST http://9.6.109.196:10039/import_export/webengine/script_editing/ScriptPortletContentAPI/Action!doPushApp HTTP/1.1

2016-12-30 17:06:33 -- Virtual Portal ID: null

2016-12-30 17:06:33 -- Project ID: null

2016-12-30 17:06:33 -- WCM content ID: null

2016-12-30 17:06:33 -- WCM Content Path: Script Portlet Library/Script Portlet Applications/MiClaroCorporativoSolicitudesNuevoServicioFijo

2016-12-30 17:06:33 -- WCM Content Title: null

2016-12-30 17:06:33 -- Main HTML file: index.html

2016-12-30 17:06:33 -- Archive file:

	C:\Users\IBM_ADMIN\AppData\Local\Temp\sp-content-1155848318777313352.zip
	(4479 bytes in 6 files)

	angular/appnuevoservicio.js
	angular/controller/controllernuevoservicio.js
	angular/service/servicesnuevoservicio.js
	angular/view/corporativo-corporativo-nuevo-servicio-fijo.html
	assets/js/util.js
	index.html

2016-12-30 17:06:35 -- Response status: HTTP/1.1 200 OK

2016-12-30 17:06:35 -- Content-Type: application/json

2016-12-30 17:06:35 -- Effective charset of body: UTF-8

2016-12-30 17:06:35 -- Body content:

{

   "results" : {

      "status" : "success",
      "importedFiles" : {

         "file" : [
            {

               "filename" : "HTML\/index.html"
            }
            ,
            {

               "filename" : "HTML\/angular\/view\/corporativo-corporativo-nuevo-servicio-fijo.html"
            }
            ,
            {

               "filename" : "JavaScript\/assets\/js\/util.js"
            }
            ,
            {

               "filename" : "JavaScript\/angular\/appnuevoservicio.js"
            }
            ,
            {

               "filename" : "JavaScript\/angular\/service\/servicesnuevoservicio.js"
            }
            ,
            {

               "filename" : "JavaScript\/angular\/controller\/controllernuevoservicio.js"
            }

         ]
      }
      ,
      "skippedFiles" : "",
      "message" : "The file that you selected was imported successfully."
   }
}


2016-12-30 17:06:35 -- Target authentication state: SUCCESS

2016-12-30 17:06:35 -- Target authentication scheme: BASIC

2016-12-30 17:06:35 -- Target authentication credentials: [principal: wpsadmin]

2016-12-30 17:06:35 -- Content push was successful.

2016-12-30 17:06:35 -- End content push to Portal.

