2017-01-04 18:48:40 -- Script Portlet command line version: 1.3

2017-01-04 18:48:40 -- Home folder: C:\IBM_WPS_BATCH\sp_cmdln

2017-01-04 18:48:40 -- Java environment:

	java.home = C:\Program Files\Java\jdk1.7.0_79\jre
	java.vendor = Oracle Corporation
	java.version = 1.7.0_79

2017-01-04 18:48:40 -- Effective configuration properties:

	contentRoot = MiClaroConsumerHomeMovil
	excludes = [^bin$, ^lib$, ^src$, ^\.classpath$, ^\.project$, ^sp-config.json$, ^sp-cmdln.log$, ^sp.bat$, ^sp.sh$]
	portalPassword = ********
	portalUser = wpsadmin
	scriptPortletServer = http://9.6.109.196:10039
	wcmContentName = MiClaroConsumerHomeMovil
	wcmSiteArea = Script Portlet Library/Script Portlet Applications/

2017-01-04 18:48:40 -- Begin content push to Portal.

2017-01-04 18:48:41 -- Push URL: POST http://9.6.109.196:10039/import_export/webengine/script_editing/ScriptPortletContentAPI/Action!doPushApp HTTP/1.1

2017-01-04 18:48:41 -- Virtual Portal ID: null

2017-01-04 18:48:41 -- Project ID: null

2017-01-04 18:48:41 -- WCM content ID: null

2017-01-04 18:48:41 -- WCM Content Path: Script Portlet Library/Script Portlet Applications/MiClaroConsumerHomeMovil

2017-01-04 18:48:41 -- WCM Content Title: null

2017-01-04 18:48:41 -- Main HTML file: index.html

2017-01-04 18:48:41 -- Archive file:

	C:\Users\IBM_ADMIN\AppData\Local\Temp\sp-content-2465436204137377342.zip
	(10716 bytes in 5 files)

	angular/app.js
	angular/controller/homeMovilController.js
	angular/service/appService.js
	angular/view/miclaroConsumerMovil.html
	index.html

2017-01-04 18:48:42 -- Response status: HTTP/1.1 200 OK

2017-01-04 18:48:42 -- Content-Type: application/json

2017-01-04 18:48:42 -- Effective charset of body: UTF-8

2017-01-04 18:48:42 -- Body content:

{

   "results" : {

      "status" : "success",
      "importedFiles" : {

         "file" : [
            {

               "filename" : "HTML\/index.html"
            }
            ,
            {

               "filename" : "HTML\/angular\/view\/miclaroConsumerMovil.html"
            }
            ,
            {

               "filename" : "JavaScript\/angular\/service\/appService.js"
            }
            ,
            {

               "filename" : "JavaScript\/angular\/controller\/homeMovilController.js"
            }
            ,
            {

               "filename" : "JavaScript\/angular\/app.js"
            }

         ]
      }
      ,
      "skippedFiles" : "",
      "message" : "The file that you selected was imported successfully."
   }
}


2017-01-04 18:48:42 -- Target authentication state: SUCCESS

2017-01-04 18:48:42 -- Target authentication scheme: BASIC

2017-01-04 18:48:42 -- Target authentication credentials: [principal: wpsadmin]

2017-01-04 18:48:42 -- Content push was successful.

2017-01-04 18:48:42 -- End content push to Portal.

