2016-11-17 15:59:52 -- Script Portlet command line version: 1.3

2016-11-17 15:59:52 -- Home folder: C:\IBM_WPS_BATCH\sp_cmdln

2016-11-17 15:59:52 -- Java environment:

	java.home = C:\Program Files\Java\jdk1.7.0_80\jre
	java.vendor = Oracle Corporation
	java.version = 1.7.0_80

2016-11-17 15:59:52 -- Effective configuration properties:

	contentRoot = MiClaroCorporativoConsultasServiciosContratados
	excludes = [^bin$, ^lib$, ^src$, ^\.classpath$, ^\.project$, ^sp-config.json$, ^sp-cmdln.log$, ^sp.bat$, ^sp.sh$]
	portalPassword = ********
	portalUser = wpsadmin
	scriptPortletServer = http://9.6.109.64:10039
	wcmContentName = MiClaroCorporativoConsultasServiciosContratados
	wcmSiteArea = Script Portlet Library/Script Portlet Applications/

2016-11-17 15:59:52 -- Begin content push to Portal.

2016-11-17 15:59:52 -- Push URL: POST http://9.6.109.64:10039/import_export/webengine/script_editing/ScriptPortletContentAPI/Action!doPushApp HTTP/1.1

2016-11-17 15:59:52 -- Virtual Portal ID: null

2016-11-17 15:59:52 -- Project ID: null

2016-11-17 15:59:52 -- WCM content ID: null

2016-11-17 15:59:52 -- WCM Content Path: Script Portlet Library/Script Portlet Applications/MiClaroCorporativoConsultasServiciosContratados

2016-11-17 15:59:52 -- WCM Content Title: null

2016-11-17 15:59:52 -- Main HTML file: index.html

2016-11-17 15:59:52 -- Archive file:

	C:\Users\IBM_ADMIN\AppData\Local\Temp\sp-content-4223749210837735809.zip
	(1834 bytes in 5 files)

	angular/app.js
	angular/controller/appController.js
	angular/service/appService.js
	angular/view/appView.html
	index.html

2016-11-17 15:59:59 -- Response status: HTTP/1.1 200 OK

2016-11-17 15:59:59 -- Content-Type: application/json

2016-11-17 15:59:59 -- Effective charset of body: UTF-8

2016-11-17 15:59:59 -- Body content:

{

   "results" : {

      "status" : "success",
      "importedFiles" : {

         "file" : [
            {

               "filename" : "HTML\/index.html"
            }
            ,
            {

               "filename" : "HTML\/angular\/view\/appView.html"
            }
            ,
            {

               "filename" : "JavaScript\/angular\/service\/appService.js"
            }
            ,
            {

               "filename" : "JavaScript\/angular\/controller\/appController.js"
            }
            ,
            {

               "filename" : "JavaScript\/angular\/app.js"
            }

         ]
      }
      ,
      "skippedFiles" : "",
      "message" : "The file that you selected was imported successfully."
   }
}


2016-11-17 15:59:59 -- Target authentication state: SUCCESS

2016-11-17 15:59:59 -- Target authentication scheme: BASIC

2016-11-17 15:59:59 -- Target authentication credentials: [principal: wpsadmin]

2016-11-17 15:59:59 -- Content push was successful.

2016-11-17 15:59:59 -- End content push to Portal.

