2017-01-26 18:17:01 -- Script Portlet command line version: 1.3

2017-01-26 18:17:01 -- Home folder: C:\jorge\IBM\Portal\sp_cmdln

2017-01-26 18:17:01 -- Java environment:

	java.home = C:\Program Files\Java\jdk1.7.0_40\jre
	java.vendor = Oracle Corporation
	java.version = 1.7.0_40

2017-01-26 18:17:01 -- Effective configuration properties:

	contentRoot = MiClaroConsumerConsultasDetalleConsumos
	excludes = [^bin$, ^lib$, ^src$, ^\.classpath$, ^\.project$, ^sp-config.json$, ^sp-cmdln.log$, ^sp.bat$, ^sp.sh$]
	portalPassword = ********
	portalUser = wpsadmin
	scriptPortletServer = http://9.6.109.196:10039
	wcmContentName = MiClaroConsumerConsultasDetalleConsumos
	wcmSiteArea = Script Portlet Library/Script Portlet Applications/

2017-01-26 18:17:01 -- Begin content push to Portal.

2017-01-26 18:17:01 -- Push URL: POST http://9.6.109.196:10039/import_export/webengine/script_editing/ScriptPortletContentAPI/Action!doPushApp HTTP/1.1

2017-01-26 18:17:01 -- Virtual Portal ID: null

2017-01-26 18:17:01 -- Project ID: null

2017-01-26 18:17:01 -- WCM content ID: null

2017-01-26 18:17:01 -- WCM Content Path: Script Portlet Library/Script Portlet Applications/MiClaroConsumerConsultasDetalleConsumos

2017-01-26 18:17:01 -- WCM Content Title: null

2017-01-26 18:17:01 -- Main HTML file: index.html

2017-01-26 18:17:01 -- Archive file:

	C:\Users\IBM_ADMIN\AppData\Local\Temp\sp-content-417312798723292880.zip
	(2046 bytes in 5 files)

	angular/app.js
	angular/controller/miClaroHomeController.js
	angular/service/appService.js
	angular/view/miclaroConsumerHome.html
	index.html

2017-01-26 18:17:03 -- Response status: HTTP/1.1 200 OK

2017-01-26 18:17:03 -- Content-Type: application/json

2017-01-26 18:17:03 -- Effective charset of body: UTF-8

2017-01-26 18:17:03 -- Body content:

{

   "results" : {

      "status" : "success",
      "importedFiles" : {

         "file" : [
            {

               "filename" : "HTML\/index.html"
            }
            ,
            {

               "filename" : "HTML\/angular\/view\/miclaroConsumerHome.html"
            }
            ,
            {

               "filename" : "JavaScript\/angular\/service\/appService.js"
            }
            ,
            {

               "filename" : "JavaScript\/angular\/controller\/miClaroHomeController.js"
            }
            ,
            {

               "filename" : "JavaScript\/angular\/app.js"
            }

         ]
      }
      ,
      "skippedFiles" : "",
      "message" : "The file that you selected was imported successfully."
   }
}


2017-01-26 18:17:03 -- Target authentication state: SUCCESS

2017-01-26 18:17:03 -- Target authentication scheme: BASIC

2017-01-26 18:17:03 -- Target authentication credentials: [principal: wpsadmin]

2017-01-26 18:17:03 -- Content push was successful.

2017-01-26 18:17:03 -- End content push to Portal.

