2016-12-30 17:06:38 -- Script Portlet command line version: 1.3

2016-12-30 17:06:38 -- Home folder: C:\IBM_PUSH\sp_cmdln

2016-12-30 17:06:38 -- Java environment:

	java.home = C:\Program Files\Java\jdk1.7.0_40\jre
	java.vendor = Oracle Corporation
	java.version = 1.7.0_40

2016-12-30 17:06:38 -- Effective configuration properties:

	contentRoot = MiClaroCorporativoSolicitudesNuevoServicioTV
	excludes = [^bin$, ^lib$, ^src$, ^\.classpath$, ^\.project$, ^sp-config.json$, ^sp-cmdln.log$, ^sp.bat$, ^sp.sh$]
	portalPassword = ********
	portalUser = wpsadmin
	scriptPortletServer = http://9.6.109.196:10039
	wcmContentName = MiClaroCorporativoSolicitudesNuevoServicioTV
	wcmSiteArea = Script Portlet Library/Script Portlet Applications/

2016-12-30 17:06:38 -- Begin content push to Portal.

2016-12-30 17:06:38 -- Push URL: POST http://9.6.109.196:10039/import_export/webengine/script_editing/ScriptPortletContentAPI/Action!doPushApp HTTP/1.1

2016-12-30 17:06:38 -- Virtual Portal ID: null

2016-12-30 17:06:38 -- Project ID: null

2016-12-30 17:06:38 -- WCM content ID: null

2016-12-30 17:06:38 -- WCM Content Path: Script Portlet Library/Script Portlet Applications/MiClaroCorporativoSolicitudesNuevoServicioTV

2016-12-30 17:06:38 -- WCM Content Title: null

2016-12-30 17:06:38 -- Main HTML file: index.html

2016-12-30 17:06:38 -- Archive file:

	C:\Users\IBM_ADMIN\AppData\Local\Temp\sp-content-794949633517219244.zip
	(4468 bytes in 6 files)

	angular/appnuevoservicio.js
	angular/controller/controllernuevoservicio.js
	angular/service/servicesnuevoservicio.js
	angular/view/corporativo-corporativo-nuevo-servicio-tv.html
	assets/js/util.js
	index.html

2016-12-30 17:06:39 -- Response status: HTTP/1.1 200 OK

2016-12-30 17:06:39 -- Content-Type: application/json

2016-12-30 17:06:39 -- Effective charset of body: UTF-8

2016-12-30 17:06:39 -- Body content:

{

   "results" : {

      "status" : "success",
      "importedFiles" : {

         "file" : [
            {

               "filename" : "HTML\/index.html"
            }
            ,
            {

               "filename" : "HTML\/angular\/view\/corporativo-corporativo-nuevo-servicio-tv.html"
            }
            ,
            {

               "filename" : "JavaScript\/assets\/js\/util.js"
            }
            ,
            {

               "filename" : "JavaScript\/angular\/appnuevoservicio.js"
            }
            ,
            {

               "filename" : "JavaScript\/angular\/service\/servicesnuevoservicio.js"
            }
            ,
            {

               "filename" : "JavaScript\/angular\/controller\/controllernuevoservicio.js"
            }

         ]
      }
      ,
      "skippedFiles" : "",
      "message" : "The file that you selected was imported successfully."
   }
}


2016-12-30 17:06:39 -- Target authentication state: SUCCESS

2016-12-30 17:06:39 -- Target authentication scheme: BASIC

2016-12-30 17:06:39 -- Target authentication credentials: [principal: wpsadmin]

2016-12-30 17:06:39 -- Content push was successful.

2016-12-30 17:06:39 -- End content push to Portal.

