2016-12-30 17:06:23 -- Script Portlet command line version: 1.3

2016-12-30 17:06:23 -- Home folder: C:\IBM_PUSH\sp_cmdln

2016-12-30 17:06:23 -- Java environment:

	java.home = C:\Program Files\Java\jdk1.7.0_40\jre
	java.vendor = Oracle Corporation
	java.version = 1.7.0_40

2016-12-30 17:06:23 -- Effective configuration properties:

	contentRoot = MiClaroCorporativoSolicitudesCambioDePlan
	excludes = [^bin$, ^lib$, ^src$, ^\.classpath$, ^\.project$, ^sp-config.json$, ^sp-cmdln.log$, ^sp.bat$, ^sp.sh$]
	portalPassword = ********
	portalUser = wpsadmin
	scriptPortletServer = http://9.6.109.196:10039
	wcmContentName = MiClaroCorporativoSolicitudesCambioDePlan
	wcmSiteArea = Script Portlet Library/Script Portlet Applications/

2016-12-30 17:06:23 -- Begin content push to Portal.

2016-12-30 17:06:23 -- Push URL: POST http://9.6.109.196:10039/import_export/webengine/script_editing/ScriptPortletContentAPI/Action!doPushApp HTTP/1.1

2016-12-30 17:06:23 -- Virtual Portal ID: null

2016-12-30 17:06:23 -- Project ID: null

2016-12-30 17:06:23 -- WCM content ID: null

2016-12-30 17:06:23 -- WCM Content Path: Script Portlet Library/Script Portlet Applications/MiClaroCorporativoSolicitudesCambioDePlan

2016-12-30 17:06:23 -- WCM Content Title: null

2016-12-30 17:06:23 -- Main HTML file: index.html

2016-12-30 17:06:23 -- Archive file:

	C:\Users\IBM_ADMIN\AppData\Local\Temp\sp-content-7845283002107915599.zip
	(2074 bytes in 5 files)

	angular/app.js
	angular/controller/homecontroller.js
	angular/service/homeservice.js
	angular/view/miclaroConsumerHome.html
	index.html

2016-12-30 17:06:25 -- Response status: HTTP/1.1 200 OK

2016-12-30 17:06:25 -- Content-Type: application/json

2016-12-30 17:06:25 -- Effective charset of body: UTF-8

2016-12-30 17:06:25 -- Body content:

{

   "results" : {

      "status" : "success",
      "importedFiles" : {

         "file" : [
            {

               "filename" : "HTML\/index.html"
            }
            ,
            {

               "filename" : "HTML\/angular\/view\/miclaroConsumerHome.html"
            }
            ,
            {

               "filename" : "JavaScript\/angular\/service\/homeservice.js"
            }
            ,
            {

               "filename" : "JavaScript\/angular\/controller\/homecontroller.js"
            }
            ,
            {

               "filename" : "JavaScript\/angular\/app.js"
            }

         ]
      }
      ,
      "skippedFiles" : "",
      "message" : "The file that you selected was imported successfully."
   }
}


2016-12-30 17:06:25 -- Target authentication state: SUCCESS

2016-12-30 17:06:25 -- Target authentication scheme: BASIC

2016-12-30 17:06:25 -- Target authentication credentials: [principal: wpsadmin]

2016-12-30 17:06:25 -- Content push was successful.

2016-12-30 17:06:25 -- End content push to Portal.

