2016-12-27 15:39:53 -- Script Portlet command line version: 1.3

2016-12-27 15:39:53 -- Home folder: C:\IBM_WPS_BATCH\sp_cmdln

2016-12-27 15:39:53 -- Java environment:

	java.home = C:\Program Files\Java\jdk1.7.0_79\jre
	java.vendor = Oracle Corporation
	java.version = 1.7.0_79

2016-12-27 15:39:53 -- Effective configuration properties:

	contentRoot = MiClaroConsumerHomeTV
	excludes = [^bin$, ^lib$, ^src$, ^\.classpath$, ^\.project$, ^sp-config.json$, ^sp-cmdln.log$, ^sp.bat$, ^sp.sh$]
	portalPassword = ********
	portalUser = wpsadmin
	scriptPortletServer = http://9.6.109.196:10039
	wcmContentName = MiClaroConsumerHomeTV
	wcmSiteArea = Script Portlet Library/Script Portlet Applications/

2016-12-27 15:39:53 -- Begin content push to Portal.

2016-12-27 15:39:53 -- Push URL: POST http://9.6.109.196:10039/import_export/webengine/script_editing/ScriptPortletContentAPI/Action!doPushApp HTTP/1.1

2016-12-27 15:39:53 -- Virtual Portal ID: null

2016-12-27 15:39:53 -- Project ID: null

2016-12-27 15:39:53 -- WCM content ID: null

2016-12-27 15:39:53 -- WCM Content Path: Script Portlet Library/Script Portlet Applications/MiClaroConsumerHomeTV

2016-12-27 15:39:53 -- WCM Content Title: null

2016-12-27 15:39:53 -- Main HTML file: index.html

2016-12-27 15:39:53 -- Archive file:

	C:\Users\IBM_ADMIN\AppData\Local\Temp\sp-content-1984188941307969500.zip
	(7773 bytes in 5 files)

	angular/app.js
	angular/controller/homeTvController.js
	angular/service/appService.js
	angular/view/miclaroConsumerTv.html
	index.html

2016-12-27 15:39:54 -- Response status: HTTP/1.1 200 OK

2016-12-27 15:39:54 -- Content-Type: application/json

2016-12-27 15:39:54 -- Effective charset of body: UTF-8

2016-12-27 15:39:54 -- Body content:

{

   "results" : {

      "status" : "success",
      "importedFiles" : {

         "file" : [
            {

               "filename" : "HTML\/index.html"
            }
            ,
            {

               "filename" : "HTML\/angular\/view\/miclaroConsumerTv.html"
            }
            ,
            {

               "filename" : "JavaScript\/angular\/service\/appService.js"
            }
            ,
            {

               "filename" : "JavaScript\/angular\/controller\/homeTvController.js"
            }
            ,
            {

               "filename" : "JavaScript\/angular\/app.js"
            }

         ]
      }
      ,
      "skippedFiles" : "",
      "message" : "The file that you selected was imported successfully."
   }
}


2016-12-27 15:39:54 -- Target authentication state: SUCCESS

2016-12-27 15:39:54 -- Target authentication scheme: BASIC

2016-12-27 15:39:54 -- Target authentication credentials: [principal: wpsadmin]

2016-12-27 15:39:54 -- Content push was successful.

2016-12-27 15:39:54 -- End content push to Portal.

