2017-01-31 09:44:38 -- Script Portlet command line version: 1.3

2017-01-31 09:44:38 -- Home folder: C:\IBM_WPS_BATCH\sp_cmdln

2017-01-31 09:44:38 -- Java environment:

	java.home = C:\Program Files\Java\jdk1.7.0_79\jre
	java.vendor = Oracle Corporation
	java.version = 1.7.0_79

2017-01-31 09:44:38 -- Effective configuration properties:

	contentRoot = MiClaroCorporativoSolicitudesDecosAdicionales
	excludes = [^bin$, ^lib$, ^src$, ^\.classpath$, ^\.project$, ^sp-config.json$, ^sp-cmdln.log$, ^sp.bat$, ^sp.sh$]
	portalPassword = ********
	portalUser = wpsadmin
	scriptPortletServer = http://9.6.109.196:10039
	wcmContentName = MiClaroCorporativoSolicitudesDecosAdicionales
	wcmSiteArea = Script Portlet Library/Script Portlet Applications/

2017-01-31 09:44:38 -- Begin content push to Portal.

2017-01-31 09:44:39 -- Push URL: POST http://9.6.109.196:10039/import_export/webengine/script_editing/ScriptPortletContentAPI/Action!doPushApp HTTP/1.1

2017-01-31 09:44:39 -- Virtual Portal ID: null

2017-01-31 09:44:39 -- Project ID: null

2017-01-31 09:44:39 -- WCM content ID: null

2017-01-31 09:44:39 -- WCM Content Path: Script Portlet Library/Script Portlet Applications/MiClaroCorporativoSolicitudesDecosAdicionales

2017-01-31 09:44:39 -- WCM Content Title: null

2017-01-31 09:44:39 -- Main HTML file: index.html

2017-01-31 09:44:39 -- Archive file:

	C:\Users\IBM_ADMIN\AppData\Local\Temp\sp-content-8467833257335605152.zip
	(9307 bytes in 6 files)

	angular/app.js
	angular/controller/miClaroHomeController.js
	angular/service/appService.js
	angular/view/miclaroCorporativoDecosAdicionales.html
	assets/css/decoStyle.css
	index.html

2017-01-31 09:44:49 -- Response status: HTTP/1.1 200 OK

2017-01-31 09:44:49 -- Content-Type: application/json

2017-01-31 09:44:49 -- Effective charset of body: UTF-8

2017-01-31 09:44:49 -- Body content:

{

   "results" : {

      "status" : "success",
      "importedFiles" : {

         "file" : [
            {

               "filename" : "HTML\/index.html"
            }
            ,
            {

               "filename" : "HTML\/angular\/view\/miclaroCorporativoDecosAdicionales.html"
            }
            ,
            {

               "filename" : "JavaScript\/angular\/service\/appService.js"
            }
            ,
            {

               "filename" : "JavaScript\/angular\/controller\/miClaroHomeController.js"
            }
            ,
            {

               "filename" : "JavaScript\/angular\/app.js"
            }
            ,
            {

               "filename" : "CSS\/assets\/css\/decoStyle.css"
            }

         ]
      }
      ,
      "skippedFiles" : "",
      "message" : "The file that you selected was imported successfully."
   }
}


2017-01-31 09:44:49 -- Target authentication state: SUCCESS

2017-01-31 09:44:49 -- Target authentication scheme: BASIC

2017-01-31 09:44:49 -- Target authentication credentials: [principal: wpsadmin]

2017-01-31 09:44:49 -- Content push was successful.

2017-01-31 09:44:49 -- End content push to Portal.

