2017-02-27 13:55:47 -- Script Portlet command line version: 1.3

2017-02-27 13:55:47 -- Home folder: C:\jorge\IBM\Portal\sp_cmdln

2017-02-27 13:55:47 -- Java environment:

	java.home = C:\Program Files\Java\jdk1.7.0_40\jre
	java.vendor = Oracle Corporation
	java.version = 1.7.0_40

2017-02-27 13:55:47 -- Effective configuration properties:

	contentRoot = MiClaroConsumerOtrosRegistranumerosFrecuentesInternet
	excludes = [^bin$, ^lib$, ^src$, ^\.classpath$, ^\.project$, ^sp-config.json$, ^sp-cmdln.log$, ^sp.bat$, ^sp.sh$]
	portalPassword = ********
	portalUser = wpsadmin
	scriptPortletServer = http://9.6.109.196:10039
	wcmContentName = MiClaroConsumerOtrosRegistraNumerosFrecuentesInternet
	wcmSiteArea = Script Portlet Library/Script Portlet Applications/

2017-02-27 13:55:47 -- Begin content push to Portal.

2017-02-27 13:55:48 -- Push URL: POST http://9.6.109.196:10039/import_export/webengine/script_editing/ScriptPortletContentAPI/Action!doPushApp HTTP/1.1

2017-02-27 13:55:48 -- Virtual Portal ID: null

2017-02-27 13:55:48 -- Project ID: null

2017-02-27 13:55:48 -- WCM content ID: null

2017-02-27 13:55:48 -- WCM Content Path: Script Portlet Library/Script Portlet Applications/MiClaroConsumerOtrosRegistraNumerosFrecuentesInternet

2017-02-27 13:55:48 -- WCM Content Title: null

2017-02-27 13:55:48 -- Main HTML file: index.html

2017-02-27 13:55:48 -- Archive file:

	C:\Users\IBM_ADMIN\AppData\Local\Temp\sp-content-727111992280612092.zip
	(2175 bytes in 5 files)

	angular/app.js
	angular/controller/appController.js
	angular/service/appService.js
	angular/view/MiClaroConsumerOtrosRegistraNumerosFrecuentesInternet.html
	index.html

2017-02-27 13:55:57 -- Response status: HTTP/1.1 200 OK

2017-02-27 13:55:57 -- Content-Type: application/json

2017-02-27 13:55:57 -- Effective charset of body: UTF-8

2017-02-27 13:55:57 -- Body content:

{

   "results" : {

      "status" : "success",
      "importedFiles" : {

         "file" : [
            {

               "filename" : "HTML\/index.html"
            }
            ,
            {

               "filename" : "HTML\/angular\/view\/MiClaroConsumerOtrosRegistraNumerosFrecuentesInternet.html"
            }
            ,
            {

               "filename" : "JavaScript\/angular\/service\/appService.js"
            }
            ,
            {

               "filename" : "JavaScript\/angular\/controller\/appController.js"
            }
            ,
            {

               "filename" : "JavaScript\/angular\/app.js"
            }

         ]
      }
      ,
      "skippedFiles" : "",
      "message" : "The file that you selected was imported successfully."
   }
}


2017-02-27 13:55:57 -- Target authentication state: SUCCESS

2017-02-27 13:55:57 -- Target authentication scheme: BASIC

2017-02-27 13:55:57 -- Target authentication credentials: [principal: wpsadmin]

2017-02-27 13:55:57 -- Content push was successful.

2017-02-27 13:55:57 -- End content push to Portal.

