2017-01-16 15:50:28 -- Script Portlet command line version: 1.3

2017-01-16 15:50:28 -- Home folder: C:\IBM_PORTLET_BATCH\sp_cmdln

2017-01-16 15:50:28 -- Java environment:

	java.home = C:\Program Files\Java\jdk1.7.0_40\jre
	java.vendor = Oracle Corporation
	java.version = 1.7.0_40

2017-01-16 15:50:28 -- Effective configuration properties:

	contentRoot = MiClaroCorporativoConsultasReportes
	excludes = [^bin$, ^lib$, ^src$, ^\.classpath$, ^\.project$, ^sp-config.json$, ^sp-cmdln.log$, ^sp.bat$, ^sp.sh$]
	portalPassword = ********
	portalUser = wpsadmin
	scriptPortletServer = http://9.6.109.196:10039
	wcmContentName = MiClaroCorporativoConsultasReportes
	wcmSiteArea = Script Portlet Library/Script Portlet Applications/

2017-01-16 15:50:28 -- Begin content push to Portal.

2017-01-16 15:50:28 -- Push URL: POST http://9.6.109.196:10039/import_export/webengine/script_editing/ScriptPortletContentAPI/Action!doPushApp HTTP/1.1

2017-01-16 15:50:28 -- Virtual Portal ID: null

2017-01-16 15:50:28 -- Project ID: null

2017-01-16 15:50:28 -- WCM content ID: null

2017-01-16 15:50:28 -- WCM Content Path: Script Portlet Library/Script Portlet Applications/MiClaroCorporativoConsultasReportes

2017-01-16 15:50:28 -- WCM Content Title: null

2017-01-16 15:50:28 -- Main HTML file: index.html

2017-01-16 15:50:28 -- Archive file:

	C:\Users\IBM_ADMIN\AppData\Local\Temp\sp-content-7656181749367873597.zip
	(14075 bytes in 12 files)

	angular/app.js
	angular/controller/consultaReporteCorporativoController.js
	angular/service/consultaReporteCorporativoService.js
	angular/view/corporativo-corporativo-reportes.html
	angular/view/data-reportes-consultar.html
	angular/view/data-reportes-solicitar.html
	angular/view/error.html
	angular/view/pop-reporte-confirmacion.html
	assets/js/angular-file-saver.min.js
	assets/js/Blob.js
	assets/js/FileSaver.min.js
	index.html

2017-01-16 15:50:36 -- Response status: HTTP/1.1 200 OK

2017-01-16 15:50:36 -- Content-Type: application/json

2017-01-16 15:50:36 -- Effective charset of body: UTF-8

2017-01-16 15:50:36 -- Body content:

{

   "results" : {

      "status" : "success",
      "importedFiles" : {

         "file" : [
            {

               "filename" : "HTML\/index.html"
            }
            ,
            {

               "filename" : "HTML\/angular\/view\/pop-reporte-confirmacion.html"
            }
            ,
            {

               "filename" : "HTML\/angular\/view\/corporativo-corporativo-reportes.html"
            }
            ,
            {

               "filename" : "HTML\/angular\/view\/data-reportes-solicitar.html"
            }
            ,
            {

               "filename" : "HTML\/angular\/view\/data-reportes-consultar.html"
            }
            ,
            {

               "filename" : "HTML\/angular\/view\/error.html"
            }
            ,
            {

               "filename" : "JavaScript\/assets\/js\/angular-file-saver.min.js"
            }
            ,
            {

               "filename" : "JavaScript\/assets\/js\/FileSaver.min.js"
            }
            ,
            {

               "filename" : "JavaScript\/assets\/js\/Blob.js"
            }
            ,
            {

               "filename" : "JavaScript\/angular\/service\/consultaReporteCorporativoService.js"
            }
            ,
            {

               "filename" : "JavaScript\/angular\/controller\/consultaReporteCorporativoController.js"
            }
            ,
            {

               "filename" : "JavaScript\/angular\/app.js"
            }

         ]
      }
      ,
      "skippedFiles" : "",
      "message" : "The file that you selected was imported successfully."
   }
}


2017-01-16 15:50:36 -- Target authentication state: SUCCESS

2017-01-16 15:50:36 -- Target authentication scheme: BASIC

2017-01-16 15:50:36 -- Target authentication credentials: [principal: wpsadmin]

2017-01-16 15:50:36 -- Content push was successful.

2017-01-16 15:50:36 -- End content push to Portal.

