2017-01-16 15:49:53 -- Script Portlet command line version: 1.3

2017-01-16 15:49:53 -- Home folder: C:\IBM_PORTLET_BATCH\sp_cmdln

2017-01-16 15:49:53 -- Java environment:

	java.home = C:\Program Files\Java\jdk1.7.0_40\jre
	java.vendor = Oracle Corporation
	java.version = 1.7.0_40

2017-01-16 15:49:53 -- Effective configuration properties:

	contentRoot = MiClaroConsumerRecibosInternet
	excludes = [^bin$, ^lib$, ^src$, ^\.classpath$, ^\.project$, ^sp-config.json$, ^sp-cmdln.log$, ^sp.bat$, ^sp.sh$]
	portalPassword = ********
	portalUser = wpsadmin
	scriptPortletServer = http://9.6.109.196:10039
	wcmContentName = MiClaroConsumerRecibosInternet
	wcmSiteArea = Script Portlet Library/Script Portlet Applications/

2017-01-16 15:49:53 -- Begin content push to Portal.

2017-01-16 15:49:53 -- Push URL: POST http://9.6.109.196:10039/import_export/webengine/script_editing/ScriptPortletContentAPI/Action!doPushApp HTTP/1.1

2017-01-16 15:49:53 -- Virtual Portal ID: null

2017-01-16 15:49:53 -- Project ID: null

2017-01-16 15:49:53 -- WCM content ID: null

2017-01-16 15:49:53 -- WCM Content Path: Script Portlet Library/Script Portlet Applications/MiClaroConsumerRecibosInternet

2017-01-16 15:49:53 -- WCM Content Title: null

2017-01-16 15:49:53 -- Main HTML file: index.html

2017-01-16 15:49:53 -- Archive file:

	C:\Users\IBM_ADMIN\AppData\Local\Temp\sp-content-6240685907699249924.zip
	(22316 bytes in 16 files)

	angular/app.js
	angular/controller/confirmacionPagoController.js
	angular/controller/recibosInternetController.js
	angular/service/recibosInternetService.js
	angular/view/confirmacion.html
	angular/view/consumer-recibos-confirmacion-error-pasarela.html
	angular/view/consumer-recibos-confirmacion-error.html
	angular/view/consumer-recibos.html
	angular/view/error.html
	angular/view/errorGeneral.html
	angular/view/nuevoServicio.html
	angular/view/procesando-corporativo.html
	assets/js/angular-file-saver.min.js
	assets/js/Blob.js
	assets/js/FileSaver.min.js
	index.html

2017-01-16 15:50:01 -- Response status: HTTP/1.1 200 OK

2017-01-16 15:50:01 -- Content-Type: application/json

2017-01-16 15:50:01 -- Effective charset of body: UTF-8

2017-01-16 15:50:01 -- Body content:

{

   "results" : {

      "status" : "success",
      "importedFiles" : {

         "file" : [
            {

               "filename" : "HTML\/index.html"
            }
            ,
            {

               "filename" : "HTML\/angular\/view\/consumer-recibos-confirmacion-error-pasarela.html"
            }
            ,
            {

               "filename" : "HTML\/angular\/view\/confirmacion.html"
            }
            ,
            {

               "filename" : "HTML\/angular\/view\/nuevoServicio.html"
            }
            ,
            {

               "filename" : "HTML\/angular\/view\/consumer-recibos-confirmacion-error.html"
            }
            ,
            {

               "filename" : "HTML\/angular\/view\/consumer-recibos.html"
            }
            ,
            {

               "filename" : "HTML\/angular\/view\/errorGeneral.html"
            }
            ,
            {

               "filename" : "HTML\/angular\/view\/error.html"
            }
            ,
            {

               "filename" : "HTML\/angular\/view\/procesando-corporativo.html"
            }
            ,
            {

               "filename" : "JavaScript\/assets\/js\/angular-file-saver.min.js"
            }
            ,
            {

               "filename" : "JavaScript\/assets\/js\/FileSaver.min.js"
            }
            ,
            {

               "filename" : "JavaScript\/assets\/js\/Blob.js"
            }
            ,
            {

               "filename" : "JavaScript\/angular\/service\/recibosInternetService.js"
            }
            ,
            {

               "filename" : "JavaScript\/angular\/controller\/recibosInternetController.js"
            }
            ,
            {

               "filename" : "JavaScript\/angular\/controller\/confirmacionPagoController.js"
            }
            ,
            {

               "filename" : "JavaScript\/angular\/app.js"
            }

         ]
      }
      ,
      "skippedFiles" : "",
      "message" : "The file that you selected was imported successfully."
   }
}


2017-01-16 15:50:01 -- Target authentication state: SUCCESS

2017-01-16 15:50:01 -- Target authentication scheme: BASIC

2017-01-16 15:50:01 -- Target authentication credentials: [principal: wpsadmin]

2017-01-16 15:50:01 -- Content push was successful.

2017-01-16 15:50:01 -- End content push to Portal.

