2017-01-26 18:17:21 -- Script Portlet command line version: 1.3

2017-01-26 18:17:21 -- Home folder: C:\jorge\IBM\Portal\sp_cmdln

2017-01-26 18:17:21 -- Java environment:

	java.home = C:\Program Files\Java\jdk1.7.0_40\jre
	java.vendor = Oracle Corporation
	java.version = 1.7.0_40

2017-01-26 18:17:21 -- Effective configuration properties:

	contentRoot = MiClaroCorporativoConsultasDetalleConsumosInternet
	excludes = [^bin$, ^lib$, ^src$, ^\.classpath$, ^\.project$, ^sp-config.json$, ^sp-cmdln.log$, ^sp.bat$, ^sp.sh$]
	portalPassword = ********
	portalUser = wpsadmin
	scriptPortletServer = http://9.6.109.196:10039
	wcmContentName = MiClaroCorporativoConsultasDetalleConsumosInternet
	wcmSiteArea = Script Portlet Library/Script Portlet Applications/

2017-01-26 18:17:21 -- Begin content push to Portal.

2017-01-26 18:17:21 -- Push URL: POST http://9.6.109.196:10039/import_export/webengine/script_editing/ScriptPortletContentAPI/Action!doPushApp HTTP/1.1

2017-01-26 18:17:21 -- Virtual Portal ID: null

2017-01-26 18:17:21 -- Project ID: null

2017-01-26 18:17:21 -- WCM content ID: null

2017-01-26 18:17:21 -- WCM Content Path: Script Portlet Library/Script Portlet Applications/MiClaroCorporativoConsultasDetalleConsumosInternet

2017-01-26 18:17:21 -- WCM Content Title: null

2017-01-26 18:17:21 -- Main HTML file: index.html

2017-01-26 18:17:21 -- Archive file:

	C:\Users\IBM_ADMIN\AppData\Local\Temp\sp-content-1301015567561489536.zip
	(1927 bytes in 4 files)

	angular/app.js
	angular/controller/appController.js
	angular/view/miclaroConsumerSaldosConsumosTV.html
	index.html

2017-01-26 18:17:23 -- Response status: HTTP/1.1 200 OK

2017-01-26 18:17:23 -- Content-Type: application/json

2017-01-26 18:17:23 -- Effective charset of body: UTF-8

2017-01-26 18:17:23 -- Body content:

{

   "results" : {

      "status" : "success",
      "importedFiles" : {

         "file" : [
            {

               "filename" : "HTML\/index.html"
            }
            ,
            {

               "filename" : "HTML\/angular\/view\/miclaroConsumerSaldosConsumosTV.html"
            }
            ,
            {

               "filename" : "JavaScript\/angular\/controller\/appController.js"
            }
            ,
            {

               "filename" : "JavaScript\/angular\/app.js"
            }

         ]
      }
      ,
      "skippedFiles" : "",
      "message" : "The file that you selected was imported successfully."
   }
}


2017-01-26 18:17:23 -- Target authentication state: SUCCESS

2017-01-26 18:17:23 -- Target authentication scheme: BASIC

2017-01-26 18:17:23 -- Target authentication credentials: [principal: wpsadmin]

2017-01-26 18:17:23 -- Content push was successful.

2017-01-26 18:17:23 -- End content push to Portal.

