2017-01-16 15:49:37 -- Script Portlet command line version: 1.3

2017-01-16 15:49:37 -- Home folder: C:\IBM_PORTLET_BATCH\sp_cmdln

2017-01-16 15:49:37 -- Java environment:

	java.home = C:\Program Files\Java\jdk1.7.0_40\jre
	java.vendor = Oracle Corporation
	java.version = 1.7.0_40

2017-01-16 15:49:37 -- Effective configuration properties:

	contentRoot = MiClaroConsumerRecibos
	excludes = [^bin$, ^lib$, ^src$, ^\.classpath$, ^\.project$, ^sp-config.json$, ^sp-cmdln.log$, ^sp.bat$, ^sp.sh$]
	portalPassword = ********
	portalUser = wpsadmin
	scriptPortletServer = http://9.6.109.196:10039
	wcmContentName = MiClaroConsumerRecibos
	wcmSiteArea = Script Portlet Library/Script Portlet Applications/

2017-01-16 15:49:37 -- Begin content push to Portal.

2017-01-16 15:49:38 -- Push URL: POST http://9.6.109.196:10039/import_export/webengine/script_editing/ScriptPortletContentAPI/Action!doPushApp HTTP/1.1

2017-01-16 15:49:38 -- Virtual Portal ID: null

2017-01-16 15:49:38 -- Project ID: null

2017-01-16 15:49:38 -- WCM content ID: null

2017-01-16 15:49:38 -- WCM Content Path: Script Portlet Library/Script Portlet Applications/MiClaroConsumerRecibos

2017-01-16 15:49:38 -- WCM Content Title: null

2017-01-16 15:49:38 -- Main HTML file: index.html

2017-01-16 15:49:38 -- Archive file:

	C:\Users\IBM_ADMIN\AppData\Local\Temp\sp-content-4718428987211705561.zip
	(1812 bytes in 5 files)

	angular/app.js
	angular/controller/appController.js
	angular/service/appService.js
	angular/view/appView.html
	index.html

2017-01-16 15:49:42 -- Response status: HTTP/1.1 200 OK

2017-01-16 15:49:42 -- Content-Type: application/json

2017-01-16 15:49:42 -- Effective charset of body: UTF-8

2017-01-16 15:49:42 -- Body content:

{

   "results" : {

      "status" : "success",
      "importedFiles" : {

         "file" : [
            {

               "filename" : "HTML\/index.html"
            }
            ,
            {

               "filename" : "HTML\/angular\/view\/appView.html"
            }
            ,
            {

               "filename" : "JavaScript\/angular\/service\/appService.js"
            }
            ,
            {

               "filename" : "JavaScript\/angular\/controller\/appController.js"
            }
            ,
            {

               "filename" : "JavaScript\/angular\/app.js"
            }

         ]
      }
      ,
      "skippedFiles" : "",
      "message" : "The file that you selected was imported successfully."
   }
}


2017-01-16 15:49:42 -- Target authentication state: SUCCESS

2017-01-16 15:49:42 -- Target authentication scheme: BASIC

2017-01-16 15:49:42 -- Target authentication credentials: [principal: wpsadmin]

2017-01-16 15:49:42 -- Content push was successful.

2017-01-16 15:49:42 -- End content push to Portal.

