2017-01-26 18:17:18 -- Script Portlet command line version: 1.3

2017-01-26 18:17:18 -- Home folder: C:\jorge\IBM\Portal\sp_cmdln

2017-01-26 18:17:18 -- Java environment:

	java.home = C:\Program Files\Java\jdk1.7.0_40\jre
	java.vendor = Oracle Corporation
	java.version = 1.7.0_40

2017-01-26 18:17:18 -- Effective configuration properties:

	contentRoot = MiClaroCorporativoConsultasDetalleConsumosFijo
	excludes = [^bin$, ^lib$, ^src$, ^\.classpath$, ^\.project$, ^sp-config.json$, ^sp-cmdln.log$, ^sp.bat$, ^sp.sh$]
	portalPassword = ********
	portalUser = wpsadmin
	scriptPortletServer = http://9.6.109.196:10039
	wcmContentName = MiClaroCorporativoConsultasDetalleConsumosFijo
	wcmSiteArea = Script Portlet Library/Script Portlet Applications/

2017-01-26 18:17:18 -- Begin content push to Portal.

2017-01-26 18:17:18 -- Push URL: POST http://9.6.109.196:10039/import_export/webengine/script_editing/ScriptPortletContentAPI/Action!doPushApp HTTP/1.1

2017-01-26 18:17:18 -- Virtual Portal ID: null

2017-01-26 18:17:18 -- Project ID: null

2017-01-26 18:17:18 -- WCM content ID: null

2017-01-26 18:17:18 -- WCM Content Path: Script Portlet Library/Script Portlet Applications/MiClaroCorporativoConsultasDetalleConsumosFijo

2017-01-26 18:17:18 -- WCM Content Title: null

2017-01-26 18:17:18 -- Main HTML file: index.html

2017-01-26 18:17:18 -- Archive file:

	C:\Users\IBM_ADMIN\AppData\Local\Temp\sp-content-8630571821677019920.zip
	(28235 bytes in 13 files)

	angular/app.js
	angular/controller/controllersaldosyconsumos.js
	angular/service/servicesaldosyconsumos.js
	angular/view/corporativo-corporativo-saldos-consumos-Fijo.html
	assets/css/css.css
	assets/js/angular-file-saver.min.js
	assets/js/archivo.js
	assets/js/Blob.js
	assets/js/FileSaver.min.js
	assets/js/util.js
	assets/js/utilitarios.js
	index.html
	url.txt

2017-01-26 18:17:20 -- Response status: HTTP/1.1 200 OK

2017-01-26 18:17:20 -- Content-Type: application/json

2017-01-26 18:17:20 -- Effective charset of body: UTF-8

2017-01-26 18:17:20 -- Body content:

{

   "results" : {

      "status" : "success",
      "importedFiles" : {

         "file" : [
            {

               "filename" : "HTML\/index.html"
            }
            ,
            {

               "filename" : "HTML\/angular\/view\/corporativo-corporativo-saldos-consumos-Fijo.html"
            }
            ,
            {

               "filename" : "JavaScript\/assets\/js\/angular-file-saver.min.js"
            }
            ,
            {

               "filename" : "JavaScript\/assets\/js\/FileSaver.min.js"
            }
            ,
            {

               "filename" : "JavaScript\/assets\/js\/util.js"
            }
            ,
            {

               "filename" : "JavaScript\/assets\/js\/utilitarios.js"
            }
            ,
            {

               "filename" : "JavaScript\/assets\/js\/archivo.js"
            }
            ,
            {

               "filename" : "JavaScript\/assets\/js\/Blob.js"
            }
            ,
            {

               "filename" : "JavaScript\/angular\/service\/servicesaldosyconsumos.js"
            }
            ,
            {

               "filename" : "JavaScript\/angular\/controller\/controllersaldosyconsumos.js"
            }
            ,
            {

               "filename" : "JavaScript\/angular\/app.js"
            }
            ,
            {

               "filename" : "CSS\/assets\/css\/css.css"
            }

         ]
      }
      ,
      "skippedFiles" : "",
      "message" : "The file that you selected was imported successfully."
   }
}


2017-01-26 18:17:20 -- Target authentication state: SUCCESS

2017-01-26 18:17:20 -- Target authentication scheme: BASIC

2017-01-26 18:17:20 -- Target authentication credentials: [principal: wpsadmin]

2017-01-26 18:17:20 -- Content push was successful.

2017-01-26 18:17:20 -- End content push to Portal.

