2016-10-28 16:26:10 -- Script Portlet command line version: 1.3

2016-10-28 16:26:10 -- Home folder: C:\IBM_PORTLET_BATCH\sp_cmdln

2016-10-28 16:26:10 -- Java environment:

	java.home = C:\Program Files\Java\jdk1.7.0_40\jre
	java.vendor = Oracle Corporation
	java.version = 1.7.0_40

2016-10-28 16:26:10 -- Effective configuration properties:

	contentRoot = MiClaroConsumerConsultasHistorialTransacciones
	excludes = [^bin$, ^lib$, ^src$, ^\.classpath$, ^\.project$, ^sp-config.json$, ^sp-cmdln.log$, ^sp.bat$, ^sp.sh$]
	portalPassword = ********
	portalUser = wpsadmin
	scriptPortletServer = http://9.6.109.64:10039
	wcmContentName = MiClaroConsumerConsultasHistorialTransacciones
	wcmSiteArea = Script Portlet Library/Script Portlet Applications/

2016-10-28 16:26:10 -- Begin content push to Portal.

2016-10-28 16:26:10 -- Push URL: POST http://9.6.109.64:10039/import_export/webengine/script_editing/ScriptPortletContentAPI/Action!doPushApp HTTP/1.1

2016-10-28 16:26:10 -- Virtual Portal ID: null

2016-10-28 16:26:10 -- Project ID: null

2016-10-28 16:26:10 -- WCM content ID: null

2016-10-28 16:26:10 -- WCM Content Path: Script Portlet Library/Script Portlet Applications/MiClaroConsumerConsultasHistorialTransacciones

2016-10-28 16:26:10 -- WCM Content Title: null

2016-10-28 16:26:10 -- Main HTML file: index.html

2016-10-28 16:26:10 -- Archive file:

	C:\Users\IBM_ADMIN\AppData\Local\Temp\sp-content-2253621656396177470.zip
	(1794 bytes in 5 files)

	angular/app.js
	angular/controller/appController.js
	angular/service/appService.js
	angular/view/appView.html
	index.html

2016-10-28 16:26:25 -- Application push failed.

java.net.SocketTimeoutException: Read timed out
	at java.net.SocketInputStream.socketRead0(Native Method)
	at java.net.SocketInputStream.read(SocketInputStream.java:152)
	at java.net.SocketInputStream.read(SocketInputStream.java:122)
	at org.apache.http.impl.io.SessionInputBufferImpl.streamRead(SessionInputBufferImpl.java:136)
	at org.apache.http.impl.io.SessionInputBufferImpl.fillBuffer(SessionInputBufferImpl.java:152)
	at org.apache.http.impl.io.SessionInputBufferImpl.readLine(SessionInputBufferImpl.java:270)
	at org.apache.http.impl.conn.DefaultHttpResponseParser.parseHead(DefaultHttpResponseParser.java:140)
	at org.apache.http.impl.conn.DefaultHttpResponseParser.parseHead(DefaultHttpResponseParser.java:57)
	at org.apache.http.impl.io.AbstractMessageParser.parse(AbstractMessageParser.java:260)
	at org.apache.http.impl.DefaultBHttpClientConnection.receiveResponseHeader(DefaultBHttpClientConnection.java:161)
	at org.apache.http.impl.conn.CPoolProxy.receiveResponseHeader(CPoolProxy.java:153)
	at org.apache.http.protocol.HttpRequestExecutor.doReceiveResponse(HttpRequestExecutor.java:271)
	at org.apache.http.protocol.HttpRequestExecutor.execute(HttpRequestExecutor.java:123)
	at org.apache.http.impl.execchain.MainClientExec.execute(MainClientExec.java:254)
	at org.apache.http.impl.execchain.ProtocolExec.execute(ProtocolExec.java:195)
	at org.apache.http.impl.execchain.RetryExec.execute(RetryExec.java:86)
	at org.apache.http.impl.execchain.RedirectExec.execute(RedirectExec.java:108)
	at org.apache.http.impl.client.InternalHttpClient.doExecute(InternalHttpClient.java:184)
	at org.apache.http.impl.client.CloseableHttpClient.execute(CloseableHttpClient.java:72)
	at org.apache.http.impl.client.CloseableHttpClient.execute(CloseableHttpClient.java:214)
	at org.apache.http.impl.client.CloseableHttpClient.execute(CloseableHttpClient.java:160)
	at com.ibm.scriptportlet.PushCommand.invoke(PushCommand.java:234)
	at com.ibm.scriptportlet.CommandLine.main(CommandLine.java:125)


