2017-01-16 15:51:08 -- Script Portlet command line version: 1.3

2017-01-16 15:51:08 -- Home folder: C:\IBM_PORTLET_BATCH\sp_cmdln

2017-01-16 15:51:08 -- Java environment:

	java.home = C:\Program Files\Java\jdk1.7.0_40\jre
	java.vendor = Oracle Corporation
	java.version = 1.7.0_40

2017-01-16 15:51:08 -- Effective configuration properties:

	contentRoot = MiClaroCorportativoConsultasOrdenDeServicioTecnico
	excludes = [^bin$, ^lib$, ^src$, ^\.classpath$, ^\.project$, ^sp-config.json$, ^sp-cmdln.log$, ^sp.bat$, ^sp.sh$]
	portalPassword = ********
	portalUser = wpsadmin
	scriptPortletServer = http://9.6.109.196:10039
	wcmContentName = MiClaroCorporativoConsultasOrdenDeServicioTecnico
	wcmSiteArea = Script Portlet Library/Script Portlet Applications/

2017-01-16 15:51:08 -- Begin content push to Portal.

2017-01-16 15:51:08 -- Push URL: POST http://9.6.109.196:10039/import_export/webengine/script_editing/ScriptPortletContentAPI/Action!doPushApp HTTP/1.1

2017-01-16 15:51:08 -- Virtual Portal ID: null

2017-01-16 15:51:08 -- Project ID: null

2017-01-16 15:51:08 -- WCM content ID: null

2017-01-16 15:51:08 -- WCM Content Path: Script Portlet Library/Script Portlet Applications/MiClaroCorporativoConsultasOrdenDeServicioTecnico

2017-01-16 15:51:08 -- WCM Content Title: null

2017-01-16 15:51:08 -- Main HTML file: index.html

2017-01-16 15:51:08 -- Archive file:

	C:\Users\IBM_ADMIN\AppData\Local\Temp\sp-content-5252190975140431863.zip
	(23227 bytes in 16 files)

	angular/app.js
	angular/controller/consultasOrdenDeServicioTecnicoController.js
	angular/controller/detalleConsultaOrdenDeServicioTecnicoController.js
	angular/service/consultasOrdenDeServicioTecnicoService.js
	angular/view/corporativo-orden-servicio-tecnico-aprobado.html
	angular/view/corporativo-orden-servicio-tecnico-esperando.html
	angular/view/corporativo-orden-servicio-tecnico-rechazado.html
	angular/view/corporativo-orden-servicio-tecnico-recoger.html
	angular/view/corporativo-orden-servicio-tecnico.html
	angular/view/error.html
	angular/view/errorGeneral.html
	angular/view/nuevoServicio.html
	assets/js/angular-file-saver.min.js
	assets/js/Blob.js
	assets/js/FileSaver.min.js
	index.html

2017-01-16 15:51:17 -- Response status: HTTP/1.1 200 OK

2017-01-16 15:51:17 -- Content-Type: application/json

2017-01-16 15:51:17 -- Effective charset of body: UTF-8

2017-01-16 15:51:17 -- Body content:

{

   "results" : {

      "status" : "success",
      "importedFiles" : {

         "file" : [
            {

               "filename" : "HTML\/index.html"
            }
            ,
            {

               "filename" : "HTML\/angular\/view\/nuevoServicio.html"
            }
            ,
            {

               "filename" : "HTML\/angular\/view\/corporativo-orden-servicio-tecnico-rechazado.html"
            }
            ,
            {

               "filename" : "HTML\/angular\/view\/corporativo-orden-servicio-tecnico-aprobado.html"
            }
            ,
            {

               "filename" : "HTML\/angular\/view\/errorGeneral.html"
            }
            ,
            {

               "filename" : "HTML\/angular\/view\/error.html"
            }
            ,
            {

               "filename" : "HTML\/angular\/view\/corporativo-orden-servicio-tecnico.html"
            }
            ,
            {

               "filename" : "HTML\/angular\/view\/corporativo-orden-servicio-tecnico-esperando.html"
            }
            ,
            {

               "filename" : "HTML\/angular\/view\/corporativo-orden-servicio-tecnico-recoger.html"
            }
            ,
            {

               "filename" : "JavaScript\/assets\/js\/angular-file-saver.min.js"
            }
            ,
            {

               "filename" : "JavaScript\/assets\/js\/FileSaver.min.js"
            }
            ,
            {

               "filename" : "JavaScript\/assets\/js\/Blob.js"
            }
            ,
            {

               "filename" : "JavaScript\/angular\/service\/consultasOrdenDeServicioTecnicoService.js"
            }
            ,
            {

               "filename" : "JavaScript\/angular\/controller\/consultasOrdenDeServicioTecnicoController.js"
            }
            ,
            {

               "filename" : "JavaScript\/angular\/controller\/detalleConsultaOrdenDeServicioTecnicoController.js"
            }
            ,
            {

               "filename" : "JavaScript\/angular\/app.js"
            }

         ]
      }
      ,
      "skippedFiles" : "",
      "message" : "The file that you selected was imported successfully."
   }
}


2017-01-16 15:51:17 -- Target authentication state: SUCCESS

2017-01-16 15:51:17 -- Target authentication scheme: BASIC

2017-01-16 15:51:17 -- Target authentication credentials: [principal: wpsadmin]

2017-01-16 15:51:17 -- Content push was successful.

2017-01-16 15:51:17 -- End content push to Portal.

