2016-10-20 15:15:12 -- Script Portlet command line version: 1.3

2016-10-20 15:15:12 -- Home folder: C:\IBM_PORTLET_BATCH\sp_cmdln

2016-10-20 15:15:12 -- Java environment:

	java.home = C:\Program Files\Java\jdk1.7.0_40\jre
	java.vendor = Oracle Corporation
	java.version = 1.7.0_40

2016-10-20 15:15:12 -- Effective configuration properties:

	contentRoot = MiClaroConsumerConsultarHistorialTransaccionesFijo
	excludes = [^bin$, ^lib$, ^src$, ^\.classpath$, ^\.project$, ^sp-config.json$, ^sp-cmdln.log$, ^sp.bat$, ^sp.sh$]
	portalPassword = ********
	portalUser = wpsadmin
	scriptPortletServer = http://9.6.109.64:10039
	wcmContentName = MiClaroConsumerConsultarHistorialTransaccionesFijo
	wcmSiteArea = Script Portlet Library/Script Portlet Applications/

2016-10-20 15:15:12 -- Begin content push to Portal.

2016-10-20 15:15:12 -- Push URL: POST http://9.6.109.64:10039/import_export/webengine/script_editing/ScriptPortletContentAPI/Action!doPushApp HTTP/1.1

2016-10-20 15:15:12 -- Virtual Portal ID: null

2016-10-20 15:15:12 -- Project ID: null

2016-10-20 15:15:12 -- WCM content ID: null

2016-10-20 15:15:12 -- WCM Content Path: Script Portlet Library/Script Portlet Applications/MiClaroConsumerConsultarHistorialTransaccionesFijo

2016-10-20 15:15:12 -- WCM Content Title: null

2016-10-20 15:15:12 -- Main HTML file: index.html

2016-10-20 15:15:12 -- Archive file:

	C:\Users\IBM_ADMIN\AppData\Local\Temp\sp-content-1380792266457982944.zip
	(11280 bytes in 9 files)

	angular/app.js
	angular/controller/consultarHistorialTransaccionesController.js
	angular/service/consultarHistorialTransaccionesService.js
	angular/view/consumer-historial-transacciones.html
	angular/view/error.html
	assets/js/angular-file-saver.min.js
	assets/js/Blob.js
	assets/js/FileSaver.min.js
	index.html

2016-10-20 15:15:19 -- Response status: HTTP/1.1 200 OK

2016-10-20 15:15:19 -- Content-Type: application/json

2016-10-20 15:15:19 -- Effective charset of body: UTF-8

2016-10-20 15:15:19 -- Body content:

{

   "results" : {

      "status" : "success",
      "importedFiles" : {

         "file" : [
            {

               "filename" : "HTML\/index.html"
            }
            ,
            {

               "filename" : "HTML\/angular\/view\/consumer-historial-transacciones.html"
            }
            ,
            {

               "filename" : "HTML\/angular\/view\/error.html"
            }
            ,
            {

               "filename" : "JavaScript\/assets\/js\/angular-file-saver.min.js"
            }
            ,
            {

               "filename" : "JavaScript\/assets\/js\/FileSaver.min.js"
            }
            ,
            {

               "filename" : "JavaScript\/assets\/js\/Blob.js"
            }
            ,
            {

               "filename" : "JavaScript\/angular\/service\/consultarHistorialTransaccionesService.js"
            }
            ,
            {

               "filename" : "JavaScript\/angular\/controller\/consultarHistorialTransaccionesController.js"
            }
            ,
            {

               "filename" : "JavaScript\/angular\/app.js"
            }

         ]
      }
      ,
      "skippedFiles" : "",
      "message" : "The file that you selected was imported successfully."
   }
}


2016-10-20 15:15:19 -- Target authentication state: SUCCESS

2016-10-20 15:15:19 -- Target authentication scheme: BASIC

2016-10-20 15:15:19 -- Target authentication credentials: [principal: wpsadmin]

2016-10-20 15:15:19 -- Content push was successful.

2016-10-20 15:15:19 -- End content push to Portal.

